<?xml version="1.0" encoding="UTF-8"?>
<testsuite name="org.ait.demowebshop.WelcomeOnHomePageTest" tests="1" skipped="1" failures="0" errors="0" timestamp="2023-09-11T22:15:43" hostname="LSDGLIDER2" time="0.0">
  <properties/>
  <testcase name="isWelcomeComponentPresent" classname="org.ait.demowebshop.WelcomeOnHomePageTest" time="0.0">
    <skipped/>
  </testcase>
  <system-out><![CDATA[]]></system-out>
  <system-err><![CDATA[]]></system-err>
</testsuite>
